* using log directory ‘/Users/houtaodeng/RRF/RRF.Rcheck’
* using R version 4.1.0 (2021-05-18)
* using platform: x86_64-apple-darwin17.0 (64-bit)
* using session charset: UTF-8
* using option ‘--as-cran’
* checking for file ‘RRF/DESCRIPTION’ ... OK
* this is package ‘RRF’ version ‘1.9.1’
* checking CRAN incoming feasibility ... WARNING
Maintainer: ‘ORPHANED’

New submission

Package was archived on CRAN

Insufficient package version (submitted: 1.9.1, existing: 1.9.1)

CRAN repository db overrides:
  X-CRAN-Comment: Archived on 2022-02-03 as check errrors with no
    maintainer to correct.
  Maintainer: ORPHANED
CRAN repository db conflicts: ‘X-CRAN-Comment’

The Date field is over a month old.
* checking package namespace information ... OK
* checking package dependencies ... OK
* checking if this is a source package ... OK
* checking if there is a namespace ... OK
* checking for executable files ... OK
* checking for hidden files and directories ... OK
* checking for portable file names ... OK
* checking for sufficient/correct file permissions ... OK
* checking serialization versions ... OK
* checking whether package ‘RRF’ can be installed ... ERROR
Installation failed.
See ‘/Users/houtaodeng/RRF/RRF.Rcheck/00install.out’ for details.
* DONE
Status: 1 ERROR, 1 WARNING
