Hmm ... looks like a package

This is pdfTeX, Version 3.141592653-2.6-1.40.23 (TeX Live 2022/dev) (preloaded format=pdflatex)
 restricted \write18 enabled.
entering extended mode
LaTeX2e <2021-11-15>
L3 programming layer <2021-11-22>
(./Rd2.tex
(/Users/houtaodeng/Library/TinyTeX/texmf-dist/tex/latex/base/book.cls
Document Class: book 2021/10/04 v1.4n Standard LaTeX document class
(/Users/houtaodeng/Library/TinyTeX/texmf-dist/tex/latex/base/bk10.clo)) (/Library/Frameworks/R.framework/Resources/share/texmf/tex/latex/Rd.sty (/Users/houtaodeng/Library/TinyTeX/texmf-dist/tex/latex/base/ifthen.sty) (/Users/houtaodeng/Library/TinyTeX/texmf-dist/tex/latex/tools/longtable.sty) (/Users/houtaodeng/Library/TinyTeX/texmf-dist/tex/latex/tools/bm.sty) (/Users/houtaodeng/Library/TinyTeX/texmf-dist/tex/latex/base/alltt.sty) (/Users/houtaodeng/Library/TinyTeX/texmf-dist/tex/latex/tools/verbatim.sty) (/Users/houtaodeng/Library/TinyTeX/texmf-dist/tex/latex/url/url.sty) (/Users/houtaodeng/Library/TinyTeX/texmf-dist/tex/latex/base/textcomp.sty) (/Users/houtaodeng/Library/TinyTeX/texmf-dist/tex/latex/base/fontenc.sty) (/Users/houtaodeng/Library/TinyTeX/texmf-dist/tex/latex/psnfss/times.sty) (/Users/houtaodeng/Library/TinyTeX/texmf-dist/tex/latex/inconsolata/zi4.sty `inconsolata-zi4' v1.12, 2019/05/17 Text macros for Inconsolata (msharpe) (/Users/houtaodeng/Library/TinyTeX/texmf-dist/tex/latex/xkeyval/xkeyval.sty (/Users/houtaodeng/Library/TinyTeX/texmf-dist/tex/generic/xkeyval/xkeyval.tex (/Users/houtaodeng/Library/TinyTeX/texmf-dist/tex/generic/xkeyval/xkvutils.tex (/Users/houtaodeng/Library/TinyTeX/texmf-dist/tex/generic/xkeyval/keyval.tex))))) (/Users/houtaodeng/Library/TinyTeX/texmf-dist/tex/latex/graphics/color.sty (/Users/houtaodeng/Library/TinyTeX/texmf-dist/tex/latex/graphics-cfg/color.cfg) (/Users/houtaodeng/Library/TinyTeX/texmf-dist/tex/latex/graphics-def/pdftex.def)) (/Users/houtaodeng/Library/TinyTeX/texmf-dist/tex/latex/hyperref/hyperref.sty (/Users/houtaodeng/Library/TinyTeX/texmf-dist/tex/generic/ltxcmds/ltxcmds.sty) (/Users/houtaodeng/Library/TinyTeX/texmf-dist/tex/generic/iftex/iftex.sty) (/Users/houtaodeng/Library/TinyTeX/texmf-dist/tex/generic/pdftexcmds/pdftexcmds.sty (/Users/houtaodeng/Library/TinyTeX/texmf-dist/tex/generic/infwarerr/infwarerr.sty)) (/Users/houtaodeng/Library/TinyTeX/texmf-dist/tex/generic/kvsetkeys/kvsetkeys.sty) (/Users/houtaodeng/Library/TinyTeX/texmf-dist/tex/generic/kvdefinekeys/kvdefinekeys.sty) (/Users/houtaodeng/Library/TinyTeX/texmf-dist/tex/generic/pdfescape/pdfescape.sty) (/Users/houtaodeng/Library/TinyTeX/texmf-dist/tex/latex/hycolor/hycolor.sty) (/Users/houtaodeng/Library/TinyTeX/texmf-dist/tex/latex/letltxmacro/letltxmacro.sty) (/Users/houtaodeng/Library/TinyTeX/texmf-dist/tex/latex/auxhook/auxhook.sty) (/Users/houtaodeng/Library/TinyTeX/texmf-dist/tex/latex/kvoptions/kvoptions.sty) (/Users/houtaodeng/Library/TinyTeX/texmf-dist/tex/latex/hyperref/pd1enc.def) (/Users/houtaodeng/Library/TinyTeX/texmf-dist/tex/latex/hyperref/hyperref-langpatches.def) (/Users/houtaodeng/Library/TinyTeX/texmf-dist/tex/generic/intcalc/intcalc.sty) (/Users/houtaodeng/Library/TinyTeX/texmf-dist/tex/generic/etexcmds/etexcmds.sty) (/Users/houtaodeng/Library/TinyTeX/texmf-dist/tex/latex/hyperref/puenc.def) (/Users/houtaodeng/Library/TinyTeX/texmf-dist/tex/generic/bitset/bitset.sty (/Users/houtaodeng/Library/TinyTeX/texmf-dist/tex/generic/bigintcalc/bigintcalc.sty)) (/Users/houtaodeng/Library/TinyTeX/texmf-dist/tex/latex/base/atbegshi-ltx.sty)) (/Users/houtaodeng/Library/TinyTeX/texmf-dist/tex/latex/hyperref/hpdftex.def (/Users/houtaodeng/Library/TinyTeX/texmf-dist/tex/latex/base/atveryend-ltx.sty) (/Users/houtaodeng/Library/TinyTeX/texmf-dist/tex/latex/rerunfilecheck/rerunfilecheck.sty (/Users/houtaodeng/Library/TinyTeX/texmf-dist/tex/generic/uniquecounter/uniquecounter.sty)))

Package hyperref Warning: Option `hyperindex' has already been used,
(hyperref)                setting the option has no effect on input line 396.


Package hyperref Warning: Option `pagebackref' has already been used,
(hyperref)                setting the option has no effect on input line 396.

) (/Users/houtaodeng/Library/TinyTeX/texmf-dist/tex/latex/base/makeidx.sty) (/Users/houtaodeng/Library/TinyTeX/texmf-dist/tex/latex/base/inputenc.sty (/Users/houtaodeng/Library/TinyTeX/texmf-dist/tex/latex/base/latin1.def))
Writing index file Rd2.idx
(/Users/houtaodeng/Library/TinyTeX/texmf-dist/tex/latex/psnfss/t1ptm.fd) (/Users/houtaodeng/Library/TinyTeX/texmf-dist/tex/latex/l3backend/l3backend-pdftex.def)
No file Rd2.aux.
(/Users/houtaodeng/Library/TinyTeX/texmf-dist/tex/latex/hyperref/nameref.sty (/Users/houtaodeng/Library/TinyTeX/texmf-dist/tex/latex/refcount/refcount.sty) (/Users/houtaodeng/Library/TinyTeX/texmf-dist/tex/generic/gettitlestring/gettitlestring.sty)) (/Users/houtaodeng/Library/TinyTeX/texmf-dist/tex/latex/psnfss/ts1ptm.fd) (/Users/houtaodeng/Library/TinyTeX/texmf-dist/tex/latex/inconsolata/t1zi4.fd) (/Users/houtaodeng/Library/TinyTeX/texmf-dist/tex/latex/psnfss/t1phv.fd) (/Users/houtaodeng/Library/TinyTeX/texmf-dist/tex/latex/base/utf8.def) [1{/Users/houtaodeng/Library/TinyTeX/texmf-var/fonts/map/pdftex/updmap/pdftex.map}] [2] [3] (/Users/houtaodeng/Library/TinyTeX/texmf-dist/tex/latex/inconsolata/ts1zi4.fd) [4] [5]
Overfull \hbox (15.76553pt too wide) in paragraph at lines 375--380
\T1/ptm/m/n/10 ized for all au-tos within a par-tic-u-lar size clas-si-fi-ca-tion (two-door small, sta-tion wag-ons, sports/speciality,
[6] [7] [8] [9] [10] [11]
Overfull \hbox (10.68808pt too wide) in paragraph at lines 721--724
[]\T1/ptm/m/n/10 The []\T1/zi4/m/n/10 RRF []\T1/ptm/m/n/10 ob-ject must con-tain the []\T1/zi4/m/n/10 forest []\T1/ptm/m/n/10 com-po-nent; i.e., cre-ated with []\T1/zi4/m/n/10 RRF(..., keep.forest=TRUE)[]\T1/ptm/m/n/10 . 
[12] [13] [14] [15] [16] [17] [18] [19] [20] [21] [22]
Overfull \hbox (10.68808pt too wide) in paragraph at lines 1388--1391
[]\T1/ptm/m/n/10 The []\T1/zi4/m/n/10 RRF []\T1/ptm/m/n/10 ob-ject must con-tain the []\T1/zi4/m/n/10 forest []\T1/ptm/m/n/10 com-po-nent; i.e., cre-ated with []\T1/zi4/m/n/10 RRF(..., keep.forest=TRUE)[]\T1/ptm/m/n/10 . 
[23] [24]
No file Rd2.ind.
[25] (/private/var/folders/vf/pn4s3pfs5j7897573m28sy9w0000gp/T/Rtmp826ess/Rd2pdf1715675ea81b0/Rd2.aux)

Package rerunfilecheck Warning: File `Rd2.out' has changed.
(rerunfilecheck)                Rerun to get outlines right
(rerunfilecheck)                or use package `bookmark'.

 )
(see the transcript file for additional information)pdfTeX warning (dest): name{Rfn.dotchart} has been referenced but does not exist, replaced by a fixed one

pdfTeX warning (dest): name{Rfn.pairs} has been referenced but does not exist, replaced by a fixed one

pdfTeX warning (dest): name{Rfn.cmdscale} has been referenced but does not exist, replaced by a fixed one

{/Users/houtaodeng/Library/TinyTeX/texmf-dist/fonts/enc/dvips/inconsolata/i4-ts1.enc}{/Users/houtaodeng/Library/TinyTeX/texmf-dist/fonts/enc/dvips/base/8r.enc}{/Users/houtaodeng/Library/TinyTeX/texmf-dist/fonts/enc/dvips/inconsolata/i4-t1-0.enc}</Users/houtaodeng/Library/TinyTeX/texmf-dist/fonts/type1/public/inconsolata/Inconsolata-zi4r.pfb></Users/houtaodeng/Library/TinyTeX/texmf-dist/fonts/type1/public/amsfonts/cm/cmex10.pfb></Users/houtaodeng/Library/TinyTeX/texmf-dist/fonts/type1/public/amsfonts/cm/cmmi10.pfb></Users/houtaodeng/Library/TinyTeX/texmf-dist/fonts/type1/public/amsfonts/cm/cmmi7.pfb></Users/houtaodeng/Library/TinyTeX/texmf-dist/fonts/type1/public/amsfonts/cm/cmr10.pfb></Users/houtaodeng/Library/TinyTeX/texmf-dist/fonts/type1/public/amsfonts/cm/cmr7.pfb></Users/houtaodeng/Library/TinyTeX/texmf-dist/fonts/type1/public/amsfonts/cm/cmsy10.pfb></Users/houtaodeng/Library/TinyTeX/texmf-dist/fonts/type1/urw/helvetic/uhvr8a.pfb></Users/houtaodeng/Library/TinyTeX/texmf-dist/fonts/type1/urw/times/utmb8a.pfb></Users/houtaodeng/Library/TinyTeX/texmf-dist/fonts/type1/urw/times/utmr8a.pfb></Users/houtaodeng/Library/TinyTeX/texmf-dist/fonts/type1/urw/times/utmr8a.pfb></Users/houtaodeng/Library/TinyTeX/texmf-dist/fonts/type1/urw/times/utmri8a.pfb>
Output written on Rd2.pdf (25 pages, 196642 bytes).
Transcript written on Rd2.log.
This is pdfTeX, Version 3.141592653-2.6-1.40.23 (TeX Live 2022/dev) (preloaded format=pdflatex)
 restricted \write18 enabled.
entering extended mode
LaTeX2e <2021-11-15>
L3 programming layer <2021-11-22>
(./Rd2.tex
(/Users/houtaodeng/Library/TinyTeX/texmf-dist/tex/latex/base/book.cls
Document Class: book 2021/10/04 v1.4n Standard LaTeX document class
(/Users/houtaodeng/Library/TinyTeX/texmf-dist/tex/latex/base/bk10.clo)) (/Library/Frameworks/R.framework/Resources/share/texmf/tex/latex/Rd.sty (/Users/houtaodeng/Library/TinyTeX/texmf-dist/tex/latex/base/ifthen.sty) (/Users/houtaodeng/Library/TinyTeX/texmf-dist/tex/latex/tools/longtable.sty) (/Users/houtaodeng/Library/TinyTeX/texmf-dist/tex/latex/tools/bm.sty) (/Users/houtaodeng/Library/TinyTeX/texmf-dist/tex/latex/base/alltt.sty) (/Users/houtaodeng/Library/TinyTeX/texmf-dist/tex/latex/tools/verbatim.sty) (/Users/houtaodeng/Library/TinyTeX/texmf-dist/tex/latex/url/url.sty) (/Users/houtaodeng/Library/TinyTeX/texmf-dist/tex/latex/base/textcomp.sty) (/Users/houtaodeng/Library/TinyTeX/texmf-dist/tex/latex/base/fontenc.sty) (/Users/houtaodeng/Library/TinyTeX/texmf-dist/tex/latex/psnfss/times.sty) (/Users/houtaodeng/Library/TinyTeX/texmf-dist/tex/latex/inconsolata/zi4.sty `inconsolata-zi4' v1.12, 2019/05/17 Text macros for Inconsolata (msharpe) (/Users/houtaodeng/Library/TinyTeX/texmf-dist/tex/latex/xkeyval/xkeyval.sty (/Users/houtaodeng/Library/TinyTeX/texmf-dist/tex/generic/xkeyval/xkeyval.tex (/Users/houtaodeng/Library/TinyTeX/texmf-dist/tex/generic/xkeyval/xkvutils.tex (/Users/houtaodeng/Library/TinyTeX/texmf-dist/tex/generic/xkeyval/keyval.tex))))) (/Users/houtaodeng/Library/TinyTeX/texmf-dist/tex/latex/graphics/color.sty (/Users/houtaodeng/Library/TinyTeX/texmf-dist/tex/latex/graphics-cfg/color.cfg) (/Users/houtaodeng/Library/TinyTeX/texmf-dist/tex/latex/graphics-def/pdftex.def)) (/Users/houtaodeng/Library/TinyTeX/texmf-dist/tex/latex/hyperref/hyperref.sty (/Users/houtaodeng/Library/TinyTeX/texmf-dist/tex/generic/ltxcmds/ltxcmds.sty) (/Users/houtaodeng/Library/TinyTeX/texmf-dist/tex/generic/iftex/iftex.sty) (/Users/houtaodeng/Library/TinyTeX/texmf-dist/tex/generic/pdftexcmds/pdftexcmds.sty (/Users/houtaodeng/Library/TinyTeX/texmf-dist/tex/generic/infwarerr/infwarerr.sty)) (/Users/houtaodeng/Library/TinyTeX/texmf-dist/tex/generic/kvsetkeys/kvsetkeys.sty) (/Users/houtaodeng/Library/TinyTeX/texmf-dist/tex/generic/kvdefinekeys/kvdefinekeys.sty) (/Users/houtaodeng/Library/TinyTeX/texmf-dist/tex/generic/pdfescape/pdfescape.sty) (/Users/houtaodeng/Library/TinyTeX/texmf-dist/tex/latex/hycolor/hycolor.sty) (/Users/houtaodeng/Library/TinyTeX/texmf-dist/tex/latex/letltxmacro/letltxmacro.sty) (/Users/houtaodeng/Library/TinyTeX/texmf-dist/tex/latex/auxhook/auxhook.sty) (/Users/houtaodeng/Library/TinyTeX/texmf-dist/tex/latex/kvoptions/kvoptions.sty) (/Users/houtaodeng/Library/TinyTeX/texmf-dist/tex/latex/hyperref/pd1enc.def) (/Users/houtaodeng/Library/TinyTeX/texmf-dist/tex/latex/hyperref/hyperref-langpatches.def) (/Users/houtaodeng/Library/TinyTeX/texmf-dist/tex/generic/intcalc/intcalc.sty) (/Users/houtaodeng/Library/TinyTeX/texmf-dist/tex/generic/etexcmds/etexcmds.sty) (/Users/houtaodeng/Library/TinyTeX/texmf-dist/tex/latex/hyperref/puenc.def) (/Users/houtaodeng/Library/TinyTeX/texmf-dist/tex/generic/bitset/bitset.sty (/Users/houtaodeng/Library/TinyTeX/texmf-dist/tex/generic/bigintcalc/bigintcalc.sty)) (/Users/houtaodeng/Library/TinyTeX/texmf-dist/tex/latex/base/atbegshi-ltx.sty)) (/Users/houtaodeng/Library/TinyTeX/texmf-dist/tex/latex/hyperref/hpdftex.def (/Users/houtaodeng/Library/TinyTeX/texmf-dist/tex/latex/base/atveryend-ltx.sty) (/Users/houtaodeng/Library/TinyTeX/texmf-dist/tex/latex/rerunfilecheck/rerunfilecheck.sty (/Users/houtaodeng/Library/TinyTeX/texmf-dist/tex/generic/uniquecounter/uniquecounter.sty)))

Package hyperref Warning: Option `hyperindex' has already been used,
(hyperref)                setting the option has no effect on input line 396.


Package hyperref Warning: Option `pagebackref' has already been used,
(hyperref)                setting the option has no effect on input line 396.

) (/Users/houtaodeng/Library/TinyTeX/texmf-dist/tex/latex/base/makeidx.sty) (/Users/houtaodeng/Library/TinyTeX/texmf-dist/tex/latex/base/inputenc.sty (/Users/houtaodeng/Library/TinyTeX/texmf-dist/tex/latex/base/latin1.def))
Writing index file Rd2.idx
(/Users/houtaodeng/Library/TinyTeX/texmf-dist/tex/latex/psnfss/t1ptm.fd) (/Users/houtaodeng/Library/TinyTeX/texmf-dist/tex/latex/l3backend/l3backend-pdftex.def) (/private/var/folders/vf/pn4s3pfs5j7897573m28sy9w0000gp/T/Rtmp826ess/Rd2pdf1715675ea81b0/Rd2.aux) (/Users/houtaodeng/Library/TinyTeX/texmf-dist/tex/latex/hyperref/nameref.sty (/Users/houtaodeng/Library/TinyTeX/texmf-dist/tex/latex/refcount/refcount.sty) (/Users/houtaodeng/Library/TinyTeX/texmf-dist/tex/generic/gettitlestring/gettitlestring.sty)) (/private/var/folders/vf/pn4s3pfs5j7897573m28sy9w0000gp/T/Rtmp826ess/Rd2pdf1715675ea81b0/Rd2.out) (/private/var/folders/vf/pn4s3pfs5j7897573m28sy9w0000gp/T/Rtmp826ess/Rd2pdf1715675ea81b0/Rd2.out) (/Users/houtaodeng/Library/TinyTeX/texmf-dist/tex/latex/psnfss/ts1ptm.fd) (/Users/houtaodeng/Library/TinyTeX/texmf-dist/tex/latex/inconsolata/t1zi4.fd) (/Users/houtaodeng/Library/TinyTeX/texmf-dist/tex/latex/psnfss/t1phv.fd) (/private/var/folders/vf/pn4s3pfs5j7897573m28sy9w0000gp/T/Rtmp826ess/Rd2pdf1715675ea81b0/Rd2.toc [1{/Users/houtaodeng/Library/TinyTeX/texmf-var/fonts/map/pdftex/updmap/pdftex.map}]) (/Users/houtaodeng/Library/TinyTeX/texmf-dist/tex/latex/base/utf8.def) [2] [3] [4] (/Users/houtaodeng/Library/TinyTeX/texmf-dist/tex/latex/inconsolata/ts1zi4.fd) [5] [6]
Overfull \hbox (15.76553pt too wide) in paragraph at lines 375--380
\T1/ptm/m/n/10 ized for all au-tos within a par-tic-u-lar size clas-si-fi-ca-tion (two-door small, sta-tion wag-ons, sports/speciality,
[7] [8] [9] [10] [11]
Overfull \hbox (10.68808pt too wide) in paragraph at lines 721--724
[]\T1/ptm/m/n/10 The []\T1/zi4/m/n/10 RRF []\T1/ptm/m/n/10 ob-ject must con-tain the []\T1/zi4/m/n/10 forest []\T1/ptm/m/n/10 com-po-nent; i.e., cre-ated with []\T1/zi4/m/n/10 RRF(..., keep.forest=TRUE)[]\T1/ptm/m/n/10 . 
[12] [13] [14] [15] [16] [17] [18] [19] [20] [21] [22]
Overfull \hbox (10.68808pt too wide) in paragraph at lines 1388--1391
[]\T1/ptm/m/n/10 The []\T1/zi4/m/n/10 RRF []\T1/ptm/m/n/10 ob-ject must con-tain the []\T1/zi4/m/n/10 forest []\T1/ptm/m/n/10 com-po-nent; i.e., cre-ated with []\T1/zi4/m/n/10 RRF(..., keep.forest=TRUE)[]\T1/ptm/m/n/10 . 
[23] [24] [25]
No file Rd2.ind.
[26] (/private/var/folders/vf/pn4s3pfs5j7897573m28sy9w0000gp/T/Rtmp826ess/Rd2pdf1715675ea81b0/Rd2.aux) )
(see the transcript file for additional information)pdfTeX warning (dest): name{Rfn.dotchart} has been referenced but does not exist, replaced by a fixed one

pdfTeX warning (dest): name{Rfn.pairs} has been referenced but does not exist, replaced by a fixed one

pdfTeX warning (dest): name{Rfn.cmdscale} has been referenced but does not exist, replaced by a fixed one

{/Users/houtaodeng/Library/TinyTeX/texmf-dist/fonts/enc/dvips/inconsolata/i4-ts1.enc}{/Users/houtaodeng/Library/TinyTeX/texmf-dist/fonts/enc/dvips/base/8r.enc}{/Users/houtaodeng/Library/TinyTeX/texmf-dist/fonts/enc/dvips/inconsolata/i4-t1-0.enc}</Users/houtaodeng/Library/TinyTeX/texmf-dist/fonts/type1/public/inconsolata/Inconsolata-zi4r.pfb></Users/houtaodeng/Library/TinyTeX/texmf-dist/fonts/type1/public/amsfonts/cm/cmex10.pfb></Users/houtaodeng/Library/TinyTeX/texmf-dist/fonts/type1/public/amsfonts/cm/cmmi10.pfb></Users/houtaodeng/Library/TinyTeX/texmf-dist/fonts/type1/public/amsfonts/cm/cmmi7.pfb></Users/houtaodeng/Library/TinyTeX/texmf-dist/fonts/type1/public/amsfonts/cm/cmr10.pfb></Users/houtaodeng/Library/TinyTeX/texmf-dist/fonts/type1/public/amsfonts/cm/cmr7.pfb></Users/houtaodeng/Library/TinyTeX/texmf-dist/fonts/type1/public/amsfonts/cm/cmsy10.pfb></Users/houtaodeng/Library/TinyTeX/texmf-dist/fonts/type1/urw/helvetic/uhvr8a.pfb></Users/houtaodeng/Library/TinyTeX/texmf-dist/fonts/type1/urw/times/utmb8a.pfb></Users/houtaodeng/Library/TinyTeX/texmf-dist/fonts/type1/urw/times/utmr8a.pfb></Users/houtaodeng/Library/TinyTeX/texmf-dist/fonts/type1/urw/times/utmr8a.pfb></Users/houtaodeng/Library/TinyTeX/texmf-dist/fonts/type1/urw/times/utmri8a.pfb>
Output written on Rd2.pdf (26 pages, 199530 bytes).
Transcript written on Rd2.log.
This is makeindex, version 2.15 [TeX Live 2021] (kpathsea + Thai support).
Scanning input file Rd2.idx....done (104 entries accepted, 0 rejected).
Sorting entries....done (725 comparisons).
Generating output file Rd2.ind....done (116 lines written, 0 warnings).
Output written in Rd2.ind.
Transcript written in Rd2.ilg.
This is pdfTeX, Version 3.141592653-2.6-1.40.23 (TeX Live 2022/dev) (preloaded format=pdflatex)
 restricted \write18 enabled.
entering extended mode
LaTeX2e <2021-11-15>
L3 programming layer <2021-11-22>
(./Rd2.tex
(/Users/houtaodeng/Library/TinyTeX/texmf-dist/tex/latex/base/book.cls
Document Class: book 2021/10/04 v1.4n Standard LaTeX document class
(/Users/houtaodeng/Library/TinyTeX/texmf-dist/tex/latex/base/bk10.clo)) (/Library/Frameworks/R.framework/Resources/share/texmf/tex/latex/Rd.sty (/Users/houtaodeng/Library/TinyTeX/texmf-dist/tex/latex/base/ifthen.sty) (/Users/houtaodeng/Library/TinyTeX/texmf-dist/tex/latex/tools/longtable.sty) (/Users/houtaodeng/Library/TinyTeX/texmf-dist/tex/latex/tools/bm.sty) (/Users/houtaodeng/Library/TinyTeX/texmf-dist/tex/latex/base/alltt.sty) (/Users/houtaodeng/Library/TinyTeX/texmf-dist/tex/latex/tools/verbatim.sty) (/Users/houtaodeng/Library/TinyTeX/texmf-dist/tex/latex/url/url.sty) (/Users/houtaodeng/Library/TinyTeX/texmf-dist/tex/latex/base/textcomp.sty) (/Users/houtaodeng/Library/TinyTeX/texmf-dist/tex/latex/base/fontenc.sty) (/Users/houtaodeng/Library/TinyTeX/texmf-dist/tex/latex/psnfss/times.sty) (/Users/houtaodeng/Library/TinyTeX/texmf-dist/tex/latex/inconsolata/zi4.sty `inconsolata-zi4' v1.12, 2019/05/17 Text macros for Inconsolata (msharpe) (/Users/houtaodeng/Library/TinyTeX/texmf-dist/tex/latex/xkeyval/xkeyval.sty (/Users/houtaodeng/Library/TinyTeX/texmf-dist/tex/generic/xkeyval/xkeyval.tex (/Users/houtaodeng/Library/TinyTeX/texmf-dist/tex/generic/xkeyval/xkvutils.tex (/Users/houtaodeng/Library/TinyTeX/texmf-dist/tex/generic/xkeyval/keyval.tex))))) (/Users/houtaodeng/Library/TinyTeX/texmf-dist/tex/latex/graphics/color.sty (/Users/houtaodeng/Library/TinyTeX/texmf-dist/tex/latex/graphics-cfg/color.cfg) (/Users/houtaodeng/Library/TinyTeX/texmf-dist/tex/latex/graphics-def/pdftex.def)) (/Users/houtaodeng/Library/TinyTeX/texmf-dist/tex/latex/hyperref/hyperref.sty (/Users/houtaodeng/Library/TinyTeX/texmf-dist/tex/generic/ltxcmds/ltxcmds.sty) (/Users/houtaodeng/Library/TinyTeX/texmf-dist/tex/generic/iftex/iftex.sty) (/Users/houtaodeng/Library/TinyTeX/texmf-dist/tex/generic/pdftexcmds/pdftexcmds.sty (/Users/houtaodeng/Library/TinyTeX/texmf-dist/tex/generic/infwarerr/infwarerr.sty)) (/Users/houtaodeng/Library/TinyTeX/texmf-dist/tex/generic/kvsetkeys/kvsetkeys.sty) (/Users/houtaodeng/Library/TinyTeX/texmf-dist/tex/generic/kvdefinekeys/kvdefinekeys.sty) (/Users/houtaodeng/Library/TinyTeX/texmf-dist/tex/generic/pdfescape/pdfescape.sty) (/Users/houtaodeng/Library/TinyTeX/texmf-dist/tex/latex/hycolor/hycolor.sty) (/Users/houtaodeng/Library/TinyTeX/texmf-dist/tex/latex/letltxmacro/letltxmacro.sty) (/Users/houtaodeng/Library/TinyTeX/texmf-dist/tex/latex/auxhook/auxhook.sty) (/Users/houtaodeng/Library/TinyTeX/texmf-dist/tex/latex/kvoptions/kvoptions.sty) (/Users/houtaodeng/Library/TinyTeX/texmf-dist/tex/latex/hyperref/pd1enc.def) (/Users/houtaodeng/Library/TinyTeX/texmf-dist/tex/latex/hyperref/hyperref-langpatches.def) (/Users/houtaodeng/Library/TinyTeX/texmf-dist/tex/generic/intcalc/intcalc.sty) (/Users/houtaodeng/Library/TinyTeX/texmf-dist/tex/generic/etexcmds/etexcmds.sty) (/Users/houtaodeng/Library/TinyTeX/texmf-dist/tex/latex/hyperref/puenc.def) (/Users/houtaodeng/Library/TinyTeX/texmf-dist/tex/generic/bitset/bitset.sty (/Users/houtaodeng/Library/TinyTeX/texmf-dist/tex/generic/bigintcalc/bigintcalc.sty)) (/Users/houtaodeng/Library/TinyTeX/texmf-dist/tex/latex/base/atbegshi-ltx.sty)) (/Users/houtaodeng/Library/TinyTeX/texmf-dist/tex/latex/hyperref/hpdftex.def (/Users/houtaodeng/Library/TinyTeX/texmf-dist/tex/latex/base/atveryend-ltx.sty) (/Users/houtaodeng/Library/TinyTeX/texmf-dist/tex/latex/rerunfilecheck/rerunfilecheck.sty (/Users/houtaodeng/Library/TinyTeX/texmf-dist/tex/generic/uniquecounter/uniquecounter.sty)))

Package hyperref Warning: Option `hyperindex' has already been used,
(hyperref)                setting the option has no effect on input line 396.


Package hyperref Warning: Option `pagebackref' has already been used,
(hyperref)                setting the option has no effect on input line 396.

) (/Users/houtaodeng/Library/TinyTeX/texmf-dist/tex/latex/base/makeidx.sty) (/Users/houtaodeng/Library/TinyTeX/texmf-dist/tex/latex/base/inputenc.sty (/Users/houtaodeng/Library/TinyTeX/texmf-dist/tex/latex/base/latin1.def))
Writing index file Rd2.idx
(/Users/houtaodeng/Library/TinyTeX/texmf-dist/tex/latex/psnfss/t1ptm.fd) (/Users/houtaodeng/Library/TinyTeX/texmf-dist/tex/latex/l3backend/l3backend-pdftex.def) (/private/var/folders/vf/pn4s3pfs5j7897573m28sy9w0000gp/T/Rtmp826ess/Rd2pdf1715675ea81b0/Rd2.aux) (/Users/houtaodeng/Library/TinyTeX/texmf-dist/tex/latex/hyperref/nameref.sty (/Users/houtaodeng/Library/TinyTeX/texmf-dist/tex/latex/refcount/refcount.sty) (/Users/houtaodeng/Library/TinyTeX/texmf-dist/tex/generic/gettitlestring/gettitlestring.sty)) (/private/var/folders/vf/pn4s3pfs5j7897573m28sy9w0000gp/T/Rtmp826ess/Rd2pdf1715675ea81b0/Rd2.out) (/private/var/folders/vf/pn4s3pfs5j7897573m28sy9w0000gp/T/Rtmp826ess/Rd2pdf1715675ea81b0/Rd2.out) (/Users/houtaodeng/Library/TinyTeX/texmf-dist/tex/latex/psnfss/ts1ptm.fd) (/Users/houtaodeng/Library/TinyTeX/texmf-dist/tex/latex/inconsolata/t1zi4.fd) (/Users/houtaodeng/Library/TinyTeX/texmf-dist/tex/latex/psnfss/t1phv.fd) (/private/var/folders/vf/pn4s3pfs5j7897573m28sy9w0000gp/T/Rtmp826ess/Rd2pdf1715675ea81b0/Rd2.toc [1{/Users/houtaodeng/Library/TinyTeX/texmf-var/fonts/map/pdftex/updmap/pdftex.map}]) (/Users/houtaodeng/Library/TinyTeX/texmf-dist/tex/latex/base/utf8.def) [2] [3] [4] (/Users/houtaodeng/Library/TinyTeX/texmf-dist/tex/latex/inconsolata/ts1zi4.fd) [5] [6]
Overfull \hbox (15.76553pt too wide) in paragraph at lines 375--380
\T1/ptm/m/n/10 ized for all au-tos within a par-tic-u-lar size clas-si-fi-ca-tion (two-door small, sta-tion wag-ons, sports/speciality,
[7] [8] [9] [10] [11]
Overfull \hbox (10.68808pt too wide) in paragraph at lines 721--724
[]\T1/ptm/m/n/10 The []\T1/zi4/m/n/10 RRF []\T1/ptm/m/n/10 ob-ject must con-tain the []\T1/zi4/m/n/10 forest []\T1/ptm/m/n/10 com-po-nent; i.e., cre-ated with []\T1/zi4/m/n/10 RRF(..., keep.forest=TRUE)[]\T1/ptm/m/n/10 . 
[12] [13] [14] [15] [16] [17] [18] [19] [20] [21] [22]
Overfull \hbox (10.68808pt too wide) in paragraph at lines 1388--1391
[]\T1/ptm/m/n/10 The []\T1/zi4/m/n/10 RRF []\T1/ptm/m/n/10 ob-ject must con-tain the []\T1/zi4/m/n/10 forest []\T1/ptm/m/n/10 com-po-nent; i.e., cre-ated with []\T1/zi4/m/n/10 RRF(..., keep.forest=TRUE)[]\T1/ptm/m/n/10 . 
[23] [24] [25] (/private/var/folders/vf/pn4s3pfs5j7897573m28sy9w0000gp/T/Rtmp826ess/Rd2pdf1715675ea81b0/Rd2.ind [26]

LaTeX Font Warning: Font shape `T1/zi4/m/it' undefined
(Font)              using `T1/zi4/m/n' instead on input line 88.

[27]) (/private/var/folders/vf/pn4s3pfs5j7897573m28sy9w0000gp/T/Rtmp826ess/Rd2pdf1715675ea81b0/Rd2.aux)

LaTeX Font Warning: Some font shapes were not available, defaults substituted.


Package rerunfilecheck Warning: File `Rd2.out' has changed.
(rerunfilecheck)                Rerun to get outlines right
(rerunfilecheck)                or use package `bookmark'.

 )
(see the transcript file for additional information)pdfTeX warning (dest): name{Rfn.dotchart} has been referenced but does not exist, replaced by a fixed one

pdfTeX warning (dest): name{Rfn.pairs} has been referenced but does not exist, replaced by a fixed one

pdfTeX warning (dest): name{Rfn.cmdscale} has been referenced but does not exist, replaced by a fixed one

{/Users/houtaodeng/Library/TinyTeX/texmf-dist/fonts/enc/dvips/inconsolata/i4-ts1.enc}{/Users/houtaodeng/Library/TinyTeX/texmf-dist/fonts/enc/dvips/base/8r.enc}{/Users/houtaodeng/Library/TinyTeX/texmf-dist/fonts/enc/dvips/inconsolata/i4-t1-0.enc}</Users/houtaodeng/Library/TinyTeX/texmf-dist/fonts/type1/public/inconsolata/Inconsolata-zi4r.pfb></Users/houtaodeng/Library/TinyTeX/texmf-dist/fonts/type1/public/amsfonts/cm/cmex10.pfb></Users/houtaodeng/Library/TinyTeX/texmf-dist/fonts/type1/public/amsfonts/cm/cmmi10.pfb></Users/houtaodeng/Library/TinyTeX/texmf-dist/fonts/type1/public/amsfonts/cm/cmmi7.pfb></Users/houtaodeng/Library/TinyTeX/texmf-dist/fonts/type1/public/amsfonts/cm/cmr10.pfb></Users/houtaodeng/Library/TinyTeX/texmf-dist/fonts/type1/public/amsfonts/cm/cmr7.pfb></Users/houtaodeng/Library/TinyTeX/texmf-dist/fonts/type1/public/amsfonts/cm/cmsy10.pfb></Users/houtaodeng/Library/TinyTeX/texmf-dist/fonts/type1/urw/helvetic/uhvr8a.pfb></Users/houtaodeng/Library/TinyTeX/texmf-dist/fonts/type1/urw/times/utmb8a.pfb></Users/houtaodeng/Library/TinyTeX/texmf-dist/fonts/type1/urw/times/utmr8a.pfb></Users/houtaodeng/Library/TinyTeX/texmf-dist/fonts/type1/urw/times/utmr8a.pfb></Users/houtaodeng/Library/TinyTeX/texmf-dist/fonts/type1/urw/times/utmri8a.pfb>
Output written on Rd2.pdf (27 pages, 204544 bytes).
Transcript written on Rd2.log.
This is makeindex, version 2.15 [TeX Live 2021] (kpathsea + Thai support).
Scanning input file Rd2.idx....done (104 entries accepted, 0 rejected).
Sorting entries....done (725 comparisons).
Generating output file Rd2.ind....done (116 lines written, 0 warnings).
Output written in Rd2.ind.
Transcript written in Rd2.ilg.
This is pdfTeX, Version 3.141592653-2.6-1.40.23 (TeX Live 2022/dev) (preloaded format=pdflatex)
 restricted \write18 enabled.
entering extended mode
LaTeX2e <2021-11-15>
L3 programming layer <2021-11-22>
(./Rd2.tex
(/Users/houtaodeng/Library/TinyTeX/texmf-dist/tex/latex/base/book.cls
Document Class: book 2021/10/04 v1.4n Standard LaTeX document class
(/Users/houtaodeng/Library/TinyTeX/texmf-dist/tex/latex/base/bk10.clo)) (/Library/Frameworks/R.framework/Resources/share/texmf/tex/latex/Rd.sty (/Users/houtaodeng/Library/TinyTeX/texmf-dist/tex/latex/base/ifthen.sty) (/Users/houtaodeng/Library/TinyTeX/texmf-dist/tex/latex/tools/longtable.sty) (/Users/houtaodeng/Library/TinyTeX/texmf-dist/tex/latex/tools/bm.sty) (/Users/houtaodeng/Library/TinyTeX/texmf-dist/tex/latex/base/alltt.sty) (/Users/houtaodeng/Library/TinyTeX/texmf-dist/tex/latex/tools/verbatim.sty) (/Users/houtaodeng/Library/TinyTeX/texmf-dist/tex/latex/url/url.sty) (/Users/houtaodeng/Library/TinyTeX/texmf-dist/tex/latex/base/textcomp.sty) (/Users/houtaodeng/Library/TinyTeX/texmf-dist/tex/latex/base/fontenc.sty) (/Users/houtaodeng/Library/TinyTeX/texmf-dist/tex/latex/psnfss/times.sty) (/Users/houtaodeng/Library/TinyTeX/texmf-dist/tex/latex/inconsolata/zi4.sty `inconsolata-zi4' v1.12, 2019/05/17 Text macros for Inconsolata (msharpe) (/Users/houtaodeng/Library/TinyTeX/texmf-dist/tex/latex/xkeyval/xkeyval.sty (/Users/houtaodeng/Library/TinyTeX/texmf-dist/tex/generic/xkeyval/xkeyval.tex (/Users/houtaodeng/Library/TinyTeX/texmf-dist/tex/generic/xkeyval/xkvutils.tex (/Users/houtaodeng/Library/TinyTeX/texmf-dist/tex/generic/xkeyval/keyval.tex))))) (/Users/houtaodeng/Library/TinyTeX/texmf-dist/tex/latex/graphics/color.sty (/Users/houtaodeng/Library/TinyTeX/texmf-dist/tex/latex/graphics-cfg/color.cfg) (/Users/houtaodeng/Library/TinyTeX/texmf-dist/tex/latex/graphics-def/pdftex.def)) (/Users/houtaodeng/Library/TinyTeX/texmf-dist/tex/latex/hyperref/hyperref.sty (/Users/houtaodeng/Library/TinyTeX/texmf-dist/tex/generic/ltxcmds/ltxcmds.sty) (/Users/houtaodeng/Library/TinyTeX/texmf-dist/tex/generic/iftex/iftex.sty) (/Users/houtaodeng/Library/TinyTeX/texmf-dist/tex/generic/pdftexcmds/pdftexcmds.sty (/Users/houtaodeng/Library/TinyTeX/texmf-dist/tex/generic/infwarerr/infwarerr.sty)) (/Users/houtaodeng/Library/TinyTeX/texmf-dist/tex/generic/kvsetkeys/kvsetkeys.sty) (/Users/houtaodeng/Library/TinyTeX/texmf-dist/tex/generic/kvdefinekeys/kvdefinekeys.sty) (/Users/houtaodeng/Library/TinyTeX/texmf-dist/tex/generic/pdfescape/pdfescape.sty) (/Users/houtaodeng/Library/TinyTeX/texmf-dist/tex/latex/hycolor/hycolor.sty) (/Users/houtaodeng/Library/TinyTeX/texmf-dist/tex/latex/letltxmacro/letltxmacro.sty) (/Users/houtaodeng/Library/TinyTeX/texmf-dist/tex/latex/auxhook/auxhook.sty) (/Users/houtaodeng/Library/TinyTeX/texmf-dist/tex/latex/kvoptions/kvoptions.sty) (/Users/houtaodeng/Library/TinyTeX/texmf-dist/tex/latex/hyperref/pd1enc.def) (/Users/houtaodeng/Library/TinyTeX/texmf-dist/tex/latex/hyperref/hyperref-langpatches.def) (/Users/houtaodeng/Library/TinyTeX/texmf-dist/tex/generic/intcalc/intcalc.sty) (/Users/houtaodeng/Library/TinyTeX/texmf-dist/tex/generic/etexcmds/etexcmds.sty) (/Users/houtaodeng/Library/TinyTeX/texmf-dist/tex/latex/hyperref/puenc.def) (/Users/houtaodeng/Library/TinyTeX/texmf-dist/tex/generic/bitset/bitset.sty (/Users/houtaodeng/Library/TinyTeX/texmf-dist/tex/generic/bigintcalc/bigintcalc.sty)) (/Users/houtaodeng/Library/TinyTeX/texmf-dist/tex/latex/base/atbegshi-ltx.sty)) (/Users/houtaodeng/Library/TinyTeX/texmf-dist/tex/latex/hyperref/hpdftex.def (/Users/houtaodeng/Library/TinyTeX/texmf-dist/tex/latex/base/atveryend-ltx.sty) (/Users/houtaodeng/Library/TinyTeX/texmf-dist/tex/latex/rerunfilecheck/rerunfilecheck.sty (/Users/houtaodeng/Library/TinyTeX/texmf-dist/tex/generic/uniquecounter/uniquecounter.sty)))

Package hyperref Warning: Option `hyperindex' has already been used,
(hyperref)                setting the option has no effect on input line 396.


Package hyperref Warning: Option `pagebackref' has already been used,
(hyperref)                setting the option has no effect on input line 396.

) (/Users/houtaodeng/Library/TinyTeX/texmf-dist/tex/latex/base/makeidx.sty) (/Users/houtaodeng/Library/TinyTeX/texmf-dist/tex/latex/base/inputenc.sty (/Users/houtaodeng/Library/TinyTeX/texmf-dist/tex/latex/base/latin1.def))
Writing index file Rd2.idx
(/Users/houtaodeng/Library/TinyTeX/texmf-dist/tex/latex/psnfss/t1ptm.fd) (/Users/houtaodeng/Library/TinyTeX/texmf-dist/tex/latex/l3backend/l3backend-pdftex.def) (/private/var/folders/vf/pn4s3pfs5j7897573m28sy9w0000gp/T/Rtmp826ess/Rd2pdf1715675ea81b0/Rd2.aux) (/Users/houtaodeng/Library/TinyTeX/texmf-dist/tex/latex/hyperref/nameref.sty (/Users/houtaodeng/Library/TinyTeX/texmf-dist/tex/latex/refcount/refcount.sty) (/Users/houtaodeng/Library/TinyTeX/texmf-dist/tex/generic/gettitlestring/gettitlestring.sty)) (/private/var/folders/vf/pn4s3pfs5j7897573m28sy9w0000gp/T/Rtmp826ess/Rd2pdf1715675ea81b0/Rd2.out) (/private/var/folders/vf/pn4s3pfs5j7897573m28sy9w0000gp/T/Rtmp826ess/Rd2pdf1715675ea81b0/Rd2.out) (/Users/houtaodeng/Library/TinyTeX/texmf-dist/tex/latex/psnfss/ts1ptm.fd) (/Users/houtaodeng/Library/TinyTeX/texmf-dist/tex/latex/inconsolata/t1zi4.fd) (/Users/houtaodeng/Library/TinyTeX/texmf-dist/tex/latex/psnfss/t1phv.fd) (/private/var/folders/vf/pn4s3pfs5j7897573m28sy9w0000gp/T/Rtmp826ess/Rd2pdf1715675ea81b0/Rd2.toc [1{/Users/houtaodeng/Library/TinyTeX/texmf-var/fonts/map/pdftex/updmap/pdftex.map}]) (/Users/houtaodeng/Library/TinyTeX/texmf-dist/tex/latex/base/utf8.def) [2] [3] [4] (/Users/houtaodeng/Library/TinyTeX/texmf-dist/tex/latex/inconsolata/ts1zi4.fd) [5] [6]
Overfull \hbox (15.76553pt too wide) in paragraph at lines 375--380
\T1/ptm/m/n/10 ized for all au-tos within a par-tic-u-lar size clas-si-fi-ca-tion (two-door small, sta-tion wag-ons, sports/speciality,
[7] [8] [9] [10] [11]
Overfull \hbox (10.68808pt too wide) in paragraph at lines 721--724
[]\T1/ptm/m/n/10 The []\T1/zi4/m/n/10 RRF []\T1/ptm/m/n/10 ob-ject must con-tain the []\T1/zi4/m/n/10 forest []\T1/ptm/m/n/10 com-po-nent; i.e., cre-ated with []\T1/zi4/m/n/10 RRF(..., keep.forest=TRUE)[]\T1/ptm/m/n/10 . 
[12] [13] [14] [15] [16] [17] [18] [19] [20] [21] [22]
Overfull \hbox (10.68808pt too wide) in paragraph at lines 1388--1391
[]\T1/ptm/m/n/10 The []\T1/zi4/m/n/10 RRF []\T1/ptm/m/n/10 ob-ject must con-tain the []\T1/zi4/m/n/10 forest []\T1/ptm/m/n/10 com-po-nent; i.e., cre-ated with []\T1/zi4/m/n/10 RRF(..., keep.forest=TRUE)[]\T1/ptm/m/n/10 . 
[23] [24] [25] (/private/var/folders/vf/pn4s3pfs5j7897573m28sy9w0000gp/T/Rtmp826ess/Rd2pdf1715675ea81b0/Rd2.ind [26]

LaTeX Font Warning: Font shape `T1/zi4/m/it' undefined
(Font)              using `T1/zi4/m/n' instead on input line 88.

[27]) (/private/var/folders/vf/pn4s3pfs5j7897573m28sy9w0000gp/T/Rtmp826ess/Rd2pdf1715675ea81b0/Rd2.aux)

LaTeX Font Warning: Some font shapes were not available, defaults substituted.

 )
(see the transcript file for additional information)pdfTeX warning (dest): name{Rfn.dotchart} has been referenced but does not exist, replaced by a fixed one

pdfTeX warning (dest): name{Rfn.pairs} has been referenced but does not exist, replaced by a fixed one

pdfTeX warning (dest): name{Rfn.cmdscale} has been referenced but does not exist, replaced by a fixed one

{/Users/houtaodeng/Library/TinyTeX/texmf-dist/fonts/enc/dvips/inconsolata/i4-ts1.enc}{/Users/houtaodeng/Library/TinyTeX/texmf-dist/fonts/enc/dvips/base/8r.enc}{/Users/houtaodeng/Library/TinyTeX/texmf-dist/fonts/enc/dvips/inconsolata/i4-t1-0.enc}</Users/houtaodeng/Library/TinyTeX/texmf-dist/fonts/type1/public/inconsolata/Inconsolata-zi4r.pfb></Users/houtaodeng/Library/TinyTeX/texmf-dist/fonts/type1/public/amsfonts/cm/cmex10.pfb></Users/houtaodeng/Library/TinyTeX/texmf-dist/fonts/type1/public/amsfonts/cm/cmmi10.pfb></Users/houtaodeng/Library/TinyTeX/texmf-dist/fonts/type1/public/amsfonts/cm/cmmi7.pfb></Users/houtaodeng/Library/TinyTeX/texmf-dist/fonts/type1/public/amsfonts/cm/cmr10.pfb></Users/houtaodeng/Library/TinyTeX/texmf-dist/fonts/type1/public/amsfonts/cm/cmr7.pfb></Users/houtaodeng/Library/TinyTeX/texmf-dist/fonts/type1/public/amsfonts/cm/cmsy10.pfb></Users/houtaodeng/Library/TinyTeX/texmf-dist/fonts/type1/urw/helvetic/uhvr8a.pfb></Users/houtaodeng/Library/TinyTeX/texmf-dist/fonts/type1/urw/times/utmb8a.pfb></Users/houtaodeng/Library/TinyTeX/texmf-dist/fonts/type1/urw/times/utmr8a.pfb></Users/houtaodeng/Library/TinyTeX/texmf-dist/fonts/type1/urw/times/utmr8a.pfb></Users/houtaodeng/Library/TinyTeX/texmf-dist/fonts/type1/urw/times/utmri8a.pfb>
Output written on Rd2.pdf (27 pages, 204841 bytes).
Transcript written on Rd2.log.
This is makeindex, version 2.15 [TeX Live 2021] (kpathsea + Thai support).
Scanning input file Rd2.idx....done (104 entries accepted, 0 rejected).
Sorting entries....done (729 comparisons).
Generating output file Rd2.ind....done (116 lines written, 0 warnings).
Output written in Rd2.ind.
Transcript written in Rd2.ilg.
This is pdfTeX, Version 3.141592653-2.6-1.40.23 (TeX Live 2022/dev) (preloaded format=pdflatex)
 restricted \write18 enabled.
entering extended mode
LaTeX2e <2021-11-15>
L3 programming layer <2021-11-22>
(./Rd2.tex
(/Users/houtaodeng/Library/TinyTeX/texmf-dist/tex/latex/base/book.cls
Document Class: book 2021/10/04 v1.4n Standard LaTeX document class
(/Users/houtaodeng/Library/TinyTeX/texmf-dist/tex/latex/base/bk10.clo)) (/Library/Frameworks/R.framework/Resources/share/texmf/tex/latex/Rd.sty (/Users/houtaodeng/Library/TinyTeX/texmf-dist/tex/latex/base/ifthen.sty) (/Users/houtaodeng/Library/TinyTeX/texmf-dist/tex/latex/tools/longtable.sty) (/Users/houtaodeng/Library/TinyTeX/texmf-dist/tex/latex/tools/bm.sty) (/Users/houtaodeng/Library/TinyTeX/texmf-dist/tex/latex/base/alltt.sty) (/Users/houtaodeng/Library/TinyTeX/texmf-dist/tex/latex/tools/verbatim.sty) (/Users/houtaodeng/Library/TinyTeX/texmf-dist/tex/latex/url/url.sty) (/Users/houtaodeng/Library/TinyTeX/texmf-dist/tex/latex/base/textcomp.sty) (/Users/houtaodeng/Library/TinyTeX/texmf-dist/tex/latex/base/fontenc.sty) (/Users/houtaodeng/Library/TinyTeX/texmf-dist/tex/latex/psnfss/times.sty) (/Users/houtaodeng/Library/TinyTeX/texmf-dist/tex/latex/inconsolata/zi4.sty `inconsolata-zi4' v1.12, 2019/05/17 Text macros for Inconsolata (msharpe) (/Users/houtaodeng/Library/TinyTeX/texmf-dist/tex/latex/xkeyval/xkeyval.sty (/Users/houtaodeng/Library/TinyTeX/texmf-dist/tex/generic/xkeyval/xkeyval.tex (/Users/houtaodeng/Library/TinyTeX/texmf-dist/tex/generic/xkeyval/xkvutils.tex (/Users/houtaodeng/Library/TinyTeX/texmf-dist/tex/generic/xkeyval/keyval.tex))))) (/Users/houtaodeng/Library/TinyTeX/texmf-dist/tex/latex/graphics/color.sty (/Users/houtaodeng/Library/TinyTeX/texmf-dist/tex/latex/graphics-cfg/color.cfg) (/Users/houtaodeng/Library/TinyTeX/texmf-dist/tex/latex/graphics-def/pdftex.def)) (/Users/houtaodeng/Library/TinyTeX/texmf-dist/tex/latex/hyperref/hyperref.sty (/Users/houtaodeng/Library/TinyTeX/texmf-dist/tex/generic/ltxcmds/ltxcmds.sty) (/Users/houtaodeng/Library/TinyTeX/texmf-dist/tex/generic/iftex/iftex.sty) (/Users/houtaodeng/Library/TinyTeX/texmf-dist/tex/generic/pdftexcmds/pdftexcmds.sty (/Users/houtaodeng/Library/TinyTeX/texmf-dist/tex/generic/infwarerr/infwarerr.sty)) (/Users/houtaodeng/Library/TinyTeX/texmf-dist/tex/generic/kvsetkeys/kvsetkeys.sty) (/Users/houtaodeng/Library/TinyTeX/texmf-dist/tex/generic/kvdefinekeys/kvdefinekeys.sty) (/Users/houtaodeng/Library/TinyTeX/texmf-dist/tex/generic/pdfescape/pdfescape.sty) (/Users/houtaodeng/Library/TinyTeX/texmf-dist/tex/latex/hycolor/hycolor.sty) (/Users/houtaodeng/Library/TinyTeX/texmf-dist/tex/latex/letltxmacro/letltxmacro.sty) (/Users/houtaodeng/Library/TinyTeX/texmf-dist/tex/latex/auxhook/auxhook.sty) (/Users/houtaodeng/Library/TinyTeX/texmf-dist/tex/latex/kvoptions/kvoptions.sty) (/Users/houtaodeng/Library/TinyTeX/texmf-dist/tex/latex/hyperref/pd1enc.def) (/Users/houtaodeng/Library/TinyTeX/texmf-dist/tex/latex/hyperref/hyperref-langpatches.def) (/Users/houtaodeng/Library/TinyTeX/texmf-dist/tex/generic/intcalc/intcalc.sty) (/Users/houtaodeng/Library/TinyTeX/texmf-dist/tex/generic/etexcmds/etexcmds.sty) (/Users/houtaodeng/Library/TinyTeX/texmf-dist/tex/latex/hyperref/puenc.def) (/Users/houtaodeng/Library/TinyTeX/texmf-dist/tex/generic/bitset/bitset.sty (/Users/houtaodeng/Library/TinyTeX/texmf-dist/tex/generic/bigintcalc/bigintcalc.sty)) (/Users/houtaodeng/Library/TinyTeX/texmf-dist/tex/latex/base/atbegshi-ltx.sty)) (/Users/houtaodeng/Library/TinyTeX/texmf-dist/tex/latex/hyperref/hpdftex.def (/Users/houtaodeng/Library/TinyTeX/texmf-dist/tex/latex/base/atveryend-ltx.sty) (/Users/houtaodeng/Library/TinyTeX/texmf-dist/tex/latex/rerunfilecheck/rerunfilecheck.sty (/Users/houtaodeng/Library/TinyTeX/texmf-dist/tex/generic/uniquecounter/uniquecounter.sty)))

Package hyperref Warning: Option `hyperindex' has already been used,
(hyperref)                setting the option has no effect on input line 396.


Package hyperref Warning: Option `pagebackref' has already been used,
(hyperref)                setting the option has no effect on input line 396.

) (/Users/houtaodeng/Library/TinyTeX/texmf-dist/tex/latex/base/makeidx.sty) (/Users/houtaodeng/Library/TinyTeX/texmf-dist/tex/latex/base/inputenc.sty (/Users/houtaodeng/Library/TinyTeX/texmf-dist/tex/latex/base/latin1.def))
Writing index file Rd2.idx
(/Users/houtaodeng/Library/TinyTeX/texmf-dist/tex/latex/psnfss/t1ptm.fd) (/Users/houtaodeng/Library/TinyTeX/texmf-dist/tex/latex/l3backend/l3backend-pdftex.def) (/private/var/folders/vf/pn4s3pfs5j7897573m28sy9w0000gp/T/Rtmp826ess/Rd2pdf1715675ea81b0/Rd2.aux) (/Users/houtaodeng/Library/TinyTeX/texmf-dist/tex/latex/hyperref/nameref.sty (/Users/houtaodeng/Library/TinyTeX/texmf-dist/tex/latex/refcount/refcount.sty) (/Users/houtaodeng/Library/TinyTeX/texmf-dist/tex/generic/gettitlestring/gettitlestring.sty)) (/private/var/folders/vf/pn4s3pfs5j7897573m28sy9w0000gp/T/Rtmp826ess/Rd2pdf1715675ea81b0/Rd2.out) (/private/var/folders/vf/pn4s3pfs5j7897573m28sy9w0000gp/T/Rtmp826ess/Rd2pdf1715675ea81b0/Rd2.out) (/Users/houtaodeng/Library/TinyTeX/texmf-dist/tex/latex/psnfss/ts1ptm.fd) (/Users/houtaodeng/Library/TinyTeX/texmf-dist/tex/latex/inconsolata/t1zi4.fd) (/Users/houtaodeng/Library/TinyTeX/texmf-dist/tex/latex/psnfss/t1phv.fd) (/private/var/folders/vf/pn4s3pfs5j7897573m28sy9w0000gp/T/Rtmp826ess/Rd2pdf1715675ea81b0/Rd2.toc [1{/Users/houtaodeng/Library/TinyTeX/texmf-var/fonts/map/pdftex/updmap/pdftex.map}]) (/Users/houtaodeng/Library/TinyTeX/texmf-dist/tex/latex/base/utf8.def) [2] [3] [4] (/Users/houtaodeng/Library/TinyTeX/texmf-dist/tex/latex/inconsolata/ts1zi4.fd) [5] [6]
Overfull \hbox (15.76553pt too wide) in paragraph at lines 375--380
\T1/ptm/m/n/10 ized for all au-tos within a par-tic-u-lar size clas-si-fi-ca-tion (two-door small, sta-tion wag-ons, sports/speciality,
[7] [8] [9] [10] [11]
Overfull \hbox (10.68808pt too wide) in paragraph at lines 721--724
[]\T1/ptm/m/n/10 The []\T1/zi4/m/n/10 RRF []\T1/ptm/m/n/10 ob-ject must con-tain the []\T1/zi4/m/n/10 forest []\T1/ptm/m/n/10 com-po-nent; i.e., cre-ated with []\T1/zi4/m/n/10 RRF(..., keep.forest=TRUE)[]\T1/ptm/m/n/10 . 
[12] [13] [14] [15] [16] [17] [18] [19] [20] [21] [22]
Overfull \hbox (10.68808pt too wide) in paragraph at lines 1388--1391
[]\T1/ptm/m/n/10 The []\T1/zi4/m/n/10 RRF []\T1/ptm/m/n/10 ob-ject must con-tain the []\T1/zi4/m/n/10 forest []\T1/ptm/m/n/10 com-po-nent; i.e., cre-ated with []\T1/zi4/m/n/10 RRF(..., keep.forest=TRUE)[]\T1/ptm/m/n/10 . 
[23] [24] [25] (/private/var/folders/vf/pn4s3pfs5j7897573m28sy9w0000gp/T/Rtmp826ess/Rd2pdf1715675ea81b0/Rd2.ind [26]

LaTeX Font Warning: Font shape `T1/zi4/m/it' undefined
(Font)              using `T1/zi4/m/n' instead on input line 88.

[27]) (/private/var/folders/vf/pn4s3pfs5j7897573m28sy9w0000gp/T/Rtmp826ess/Rd2pdf1715675ea81b0/Rd2.aux)

LaTeX Font Warning: Some font shapes were not available, defaults substituted.

 )
(see the transcript file for additional information)pdfTeX warning (dest): name{Rfn.dotchart} has been referenced but does not exist, replaced by a fixed one

pdfTeX warning (dest): name{Rfn.pairs} has been referenced but does not exist, replaced by a fixed one

pdfTeX warning (dest): name{Rfn.cmdscale} has been referenced but does not exist, replaced by a fixed one

{/Users/houtaodeng/Library/TinyTeX/texmf-dist/fonts/enc/dvips/inconsolata/i4-ts1.enc}{/Users/houtaodeng/Library/TinyTeX/texmf-dist/fonts/enc/dvips/base/8r.enc}{/Users/houtaodeng/Library/TinyTeX/texmf-dist/fonts/enc/dvips/inconsolata/i4-t1-0.enc}</Users/houtaodeng/Library/TinyTeX/texmf-dist/fonts/type1/public/inconsolata/Inconsolata-zi4r.pfb></Users/houtaodeng/Library/TinyTeX/texmf-dist/fonts/type1/public/amsfonts/cm/cmex10.pfb></Users/houtaodeng/Library/TinyTeX/texmf-dist/fonts/type1/public/amsfonts/cm/cmmi10.pfb></Users/houtaodeng/Library/TinyTeX/texmf-dist/fonts/type1/public/amsfonts/cm/cmmi7.pfb></Users/houtaodeng/Library/TinyTeX/texmf-dist/fonts/type1/public/amsfonts/cm/cmr10.pfb></Users/houtaodeng/Library/TinyTeX/texmf-dist/fonts/type1/public/amsfonts/cm/cmr7.pfb></Users/houtaodeng/Library/TinyTeX/texmf-dist/fonts/type1/public/amsfonts/cm/cmsy10.pfb></Users/houtaodeng/Library/TinyTeX/texmf-dist/fonts/type1/urw/helvetic/uhvr8a.pfb></Users/houtaodeng/Library/TinyTeX/texmf-dist/fonts/type1/urw/times/utmb8a.pfb></Users/houtaodeng/Library/TinyTeX/texmf-dist/fonts/type1/urw/times/utmr8a.pfb></Users/houtaodeng/Library/TinyTeX/texmf-dist/fonts/type1/urw/times/utmr8a.pfb></Users/houtaodeng/Library/TinyTeX/texmf-dist/fonts/type1/urw/times/utmri8a.pfb>
Output written on Rd2.pdf (27 pages, 204841 bytes).
Transcript written on Rd2.log.
Saving output to ‘RRF-manual.pdf’ ...
Done
You may want to clean up by 'rm -Rf /var/folders/vf/pn4s3pfs5j7897573m28sy9w0000gp/T//Rtmp826ess/Rd2pdf1715675ea81b0'
